<?xml version="1.0" encoding="utf-8"?><testsuites name="pytest tests"><testsuite name="pytest" errors="0" failures="0" skipped="0" tests="39" time="2.403" timestamp="2025-08-20T13:37:58.499186+02:00" hostname="MacBook-Pro-di-Michele.local"><testcase classname="tests.test_similarity_search_advanced.TestSimilaritySearchEdgeCases" name="test_empty_database_similarity_search" file="tests/test_similarity_search_advanced.py" line="20" time="0.536" /><testcase classname="tests.test_similarity_search_advanced.TestSimilaritySearchEdgeCases" name="test_similarity_search_with_special_characters" file="tests/test_similarity_search_advanced.py" line="43" time="0.001" /><testcase classname="tests.test_similarity_search_advanced.TestSimilaritySearchEdgeCases" name="test_similarity_search_with_null_values" file="tests/test_similarity_search_advanced.py" line="62" time="0.001" /><testcase classname="tests.test_similarity_search_advanced.TestSimilaritySearchEdgeCases" name="test_similarity_search_case_insensitivity" file="tests/test_similarity_search_advanced.py" line="77" time="0.001" /><testcase classname="tests.test_similarity_search_advanced.TestSimilaritySearchEdgeCases" name="test_similarity_threshold_variations" file="tests/test_similarity_search_advanced.py" line="91" time="0.045" /><testcase classname="tests.test_similarity_search_advanced.TestVectorEmbeddingReadiness" name="test_document_embedding_structure" file="tests/test_similarity_search_advanced.py" line="133" time="0.000" /><testcase classname="tests.test_similarity_search_advanced.TestVectorEmbeddingReadiness" name="test_embedding_dimension_consistency" file="tests/test_similarity_search_advanced.py" line="148" time="0.055" /><testcase classname="tests.test_similarity_search_advanced.TestVectorEmbeddingReadiness" name="test_cosine_similarity_calculation" file="tests/test_similarity_search_advanced.py" line="165" time="0.000" /><testcase classname="tests.test_similarity_search_advanced.TestVectorEmbeddingReadiness" name="test_embedding_based_search_readiness" file="tests/test_similarity_search_advanced.py" line="193" time="0.001" /><testcase classname="tests.test_similarity_search_advanced.TestVectorEmbeddingReadiness" name="test_vector_db_adapter_interface" file="tests/test_similarity_search_advanced.py" line="217" time="0.000" /><testcase classname="tests.test_similarity_search_advanced.TestSimilaritySearchPerformance" name="test_search_response_time_under_load" file="tests/test_similarity_search_advanced.py" line="259" time="0.004" /><testcase classname="tests.test_similarity_search_advanced.TestSimilaritySearchPerformance" name="test_batch_similarity_processing" file="tests/test_similarity_search_advanced.py" line="286" time="0.001" /><testcase classname="tests.test_similarity_search_advanced.TestSimilaritySearchPerformance" name="test_concurrent_similarity_searches" file="tests/test_similarity_search_advanced.py" line="317" time="0.001" /><testcase classname="tests.test_similarity_search_advanced.TestSimilaritySearchPerformance" name="test_memory_usage_with_large_datasets" file="tests/test_similarity_search_advanced.py" line="347" time="1.224" /><testcase classname="tests.test_similarity_search_advanced.TestSimilaritySearchIntegration" name="test_similarity_with_financial_analysis" file="tests/test_similarity_search_advanced.py" line="377" time="0.001" /><testcase classname="tests.test_similarity_search_advanced.TestSimilaritySearchIntegration" name="test_similarity_with_document_generation" file="tests/test_similarity_search_advanced.py" line="399" time="0.001" /><testcase classname="tests.test_similarity_search_advanced.TestSimilaritySearchIntegration" name="test_similarity_pipeline_end_to_end" file="tests/test_similarity_search_advanced.py" line="420" time="0.002" /><testcase classname="tests.test_similarity_search_advanced.TestProductionVectorDBCompatibility" name="test_pinecone_adapter_compatibility" file="tests/test_similarity_search_advanced.py" line="454" time="0.001" /><testcase classname="tests.test_similarity_search_advanced.TestProductionVectorDBCompatibility" name="test_chroma_adapter_compatibility" file="tests/test_similarity_search_advanced.py" line="496" time="0.000" /><testcase classname="tests.test_similarity_search_advanced.TestProductionVectorDBCompatibility" name="test_faiss_adapter_compatibility" file="tests/test_similarity_search_advanced.py" line="534" time="0.000" /><testcase classname="tests.test_redis_caching_comprehensive.TestRedisCacheOperations" name="test_redis_connection_setup" file="tests/test_redis_caching_comprehensive.py" line="16" time="0.025" /><testcase classname="tests.test_redis_caching_comprehensive.TestRedisCacheOperations" name="test_cache_set_and_get" file="tests/test_redis_caching_comprehensive.py" line="33" time="0.001" /><testcase classname="tests.test_redis_caching_comprehensive.TestRedisCacheOperations" name="test_cache_delete_operations" file="tests/test_redis_caching_comprehensive.py" line="69" time="0.001" /><testcase classname="tests.test_redis_caching_comprehensive.TestRedisCacheOperations" name="test_cache_expire_and_ttl" file="tests/test_redis_caching_comprehensive.py" line="99" time="0.001" /><testcase classname="tests.test_redis_caching_comprehensive.TestRedisCachePatterns" name="test_cache_aside_pattern" file="tests/test_redis_caching_comprehensive.py" line="136" time="0.001" /><testcase classname="tests.test_redis_caching_comprehensive.TestRedisCachePatterns" name="test_write_through_cache_pattern" file="tests/test_redis_caching_comprehensive.py" line="181" time="0.001" /><testcase classname="tests.test_redis_caching_comprehensive.TestRedisCachePatterns" name="test_cache_stampede_prevention" file="tests/test_redis_caching_comprehensive.py" line="210" time="0.001" /><testcase classname="tests.test_redis_caching_comprehensive.TestRedisCacheInvalidation" name="test_ttl_based_invalidation" file="tests/test_redis_caching_comprehensive.py" line="264" time="0.001" /><testcase classname="tests.test_redis_caching_comprehensive.TestRedisCacheInvalidation" name="test_tag_based_invalidation" file="tests/test_redis_caching_comprehensive.py" line="302" time="0.001" /><testcase classname="tests.test_redis_caching_comprehensive.TestRedisCacheInvalidation" name="test_pattern_based_invalidation" file="tests/test_redis_caching_comprehensive.py" line="343" time="0.000" /><testcase classname="tests.test_redis_caching_comprehensive.TestRedisCacheInvalidation" name="test_cascade_invalidation" file="tests/test_redis_caching_comprehensive.py" line="380" time="0.001" /><testcase classname="tests.test_redis_caching_comprehensive.TestRedisCachePerformance" name="test_cache_hit_ratio_tracking" file="tests/test_redis_caching_comprehensive.py" line="431" time="0.000" /><testcase classname="tests.test_redis_caching_comprehensive.TestRedisCachePerformance" name="test_cache_performance_improvement" file="tests/test_redis_caching_comprehensive.py" line="464" time="0.164" /><testcase classname="tests.test_redis_caching_comprehensive.TestRedisCachePerformance" name="test_batch_caching_optimization" file="tests/test_redis_caching_comprehensive.py" line="515" time="0.001" /><testcase classname="tests.test_redis_caching_comprehensive.TestRedisCachePerformance" name="test_connection_pooling" file="tests/test_redis_caching_comprehensive.py" line="545" time="0.001" /><testcase classname="tests.test_redis_caching_comprehensive.TestRedisFailoverAndResilience" name="test_connection_retry_logic" file="tests/test_redis_caching_comprehensive.py" line="575" time="0.103" /><testcase classname="tests.test_redis_caching_comprehensive.TestRedisFailoverAndResilience" name="test_fallback_to_database" file="tests/test_redis_caching_comprehensive.py" line="602" time="0.001" /><testcase classname="tests.test_redis_caching_comprehensive.TestRedisFailoverAndResilience" name="test_circuit_breaker_pattern" file="tests/test_redis_caching_comprehensive.py" line="636" time="0.001" /><testcase classname="tests.test_redis_caching_comprehensive.TestRedisFailoverAndResilience" name="test_sentinel_failover" file="tests/test_redis_caching_comprehensive.py" line="687" time="0.002" /></testsuite></testsuites>