<?xml version="1.0" encoding="utf-8"?><testsuites name="pytest tests"><testsuite name="pytest" errors="0" failures="0" skipped="0" tests="9" time="2.728" timestamp="2025-08-21T01:23:28.684165+02:00" hostname="MacBook-Pro-di-Michele.local"><testcase classname="tests.infrastructure.test_k8s_autoscaling_tdd.TestKubernetesAutoScaling" name="test_hpa_exists_with_correct_configuration" file="tests/infrastructure/test_k8s_autoscaling_tdd.py" line="114" time="0.600" /><testcase classname="tests.infrastructure.test_k8s_autoscaling_tdd.TestKubernetesAutoScaling" name="test_deployment_has_resource_limits_and_requests" file="tests/infrastructure/test_k8s_autoscaling_tdd.py" line="146" time="0.005" /><testcase classname="tests.infrastructure.test_k8s_autoscaling_tdd.TestKubernetesAutoScaling" name="test_pod_scaling_under_cpu_load" file="tests/infrastructure/test_k8s_autoscaling_tdd.py" line="173" time="1.009" /><testcase classname="tests.infrastructure.test_k8s_autoscaling_tdd.TestKubernetesAutoScaling" name="test_pod_scaling_down_when_load_decreases" file="tests/infrastructure/test_k8s_autoscaling_tdd.py" line="204" time="1.018" /><testcase classname="tests.infrastructure.test_k8s_autoscaling_tdd.TestKubernetesAutoScaling" name="test_load_testing_triggers_scaling" file="tests/infrastructure/test_k8s_autoscaling_tdd.py" line="235" time="0.009" /><testcase classname="tests.infrastructure.test_k8s_autoscaling_tdd.TestKubernetesAutoScaling" name="test_metrics_server_provides_cpu_metrics" file="tests/infrastructure/test_k8s_autoscaling_tdd.py" line="265" time="0.007" /><testcase classname="tests.infrastructure.test_k8s_autoscaling_tdd.TestKubernetesAutoScaling" name="test_hpa_scaling_events_are_logged" file="tests/infrastructure/test_k8s_autoscaling_tdd.py" line="291" time="0.006" /><testcase classname="tests.infrastructure.test_k8s_autoscaling_tdd.TestKubernetesAutoScalingConfiguration" name="test_hpa_manifest_is_valid_yaml" file="tests/infrastructure/test_k8s_autoscaling_tdd.py" line="406" time="0.005" /><testcase classname="tests.infrastructure.test_k8s_autoscaling_tdd.TestKubernetesAutoScalingConfiguration" name="test_deployment_manifest_has_resource_specifications" file="tests/infrastructure/test_k8s_autoscaling_tdd.py" line="425" time="0.020" /></testsuite></testsuites>